# JRE version: OpenJDK Runtime Environment (8.0_131-b11) (build 1.8.0_131-8u131-b11-2ubuntu1.16.04.3-b11)
# Java VM: OpenJDK 64-Bit Server VM (25.131-b11 mixed mode linux-amd64 compressed oops)
Heap:
 PSYoungGen      total 264704K, used 108022K [0x00000000d7780000, 0x00000000ec500000, 0x0000000100000000)
  eden space 239104K, 45% used [0x00000000d7780000,0x00000000de0fdbb0,0x00000000e6100000)
  from space 25600K, 0% used [0x00000000e6100000,0x00000000e6100000,0x00000000e7a00000)
  to   space 29184K, 0% used [0x00000000ea880000,0x00000000ea880000,0x00000000ec500000)
 ParOldGen       total 179200K, used 51918K [0x0000000086600000, 0x0000000091500000, 0x00000000d7780000)
  object space 179200K, 28% used [0x0000000086600000,0x00000000898b3b68,0x0000000091500000)
 Metaspace       used 61526K, capacity 62528K, committed 62768K, reserved 1103872K
  class space    used 7707K, capacity 7964K, committed 7984K, reserved 1048576K
GC Heap History (10 events):
Event: 11.112 GC heap before
{Heap before GC invocations=8 (full 1):
 PSYoungGen      total 186880K, used 105739K [0x00000000d7780000, 0x00000000e8680000, 0x0000000100000000)
  eden space 173056K, 53% used [0x00000000d7780000,0x00000000dd148810,0x00000000e2080000)
  from space 13824K, 99% used [0x00000000e7900000,0x00000000e867a660,0x00000000e8680000)
  to   space 16896K, 0% used [0x00000000e6580000,0x00000000e6580000,0x00000000e7600000)
 ParOldGen       total 74240K, used 17436K [0x0000000086600000, 0x000000008ae80000, 0x00000000d7780000)
  object space 74240K, 23% used [0x0000000086600000,0x0000000087707288,0x000000008ae80000)
 Metaspace       used 34676K, capacity 35362K, committed 35496K, reserved 1081344K
  class space    used 4130K, capacity 4311K, committed 4400K, reserved 1048576K
Event: 11.156 GC heap after
Heap after GC invocations=8 (full 1):
 PSYoungGen      total 259072K, used 16872K [0x00000000d7780000, 0x00000000e9000000, 0x0000000100000000)
  eden space 242176K, 0% used [0x00000000d7780000,0x00000000d7780000,0x00000000e6400000)
  from space 16896K, 99% used [0x00000000e6580000,0x00000000e75fa008,0x00000000e7600000)
  to   space 22528K, 0% used [0x00000000e7a00000,0x00000000e7a00000,0x00000000e9000000)
 ParOldGen       total 74240K, used 23420K [0x0000000086600000, 0x000000008ae80000, 0x00000000d7780000)
  object space 74240K, 31% used [0x0000000086600000,0x0000000087cdf328,0x000000008ae80000)
 Metaspace       used 34676K, capacity 35362K, committed 35496K, reserved 1081344K
  class space    used 4130K, capacity 4311K, committed 4400K, reserved 1048576K
}
Event: 11.156 GC heap before
{Heap before GC invocations=9 (full 2):
 PSYoungGen      total 259072K, used 16872K [0x00000000d7780000, 0x00000000e9000000, 0x0000000100000000)
  eden space 242176K, 0% used [0x00000000d7780000,0x00000000d7780000,0x00000000e6400000)
  from space 16896K, 99% used [0x00000000e6580000,0x00000000e75fa008,0x00000000e7600000)
  to   space 22528K, 0% used [0x00000000e7a00000,0x00000000e7a00000,0x00000000e9000000)
 ParOldGen       total 74240K, used 23420K [0x0000000086600000, 0x000000008ae80000, 0x00000000d7780000)
  object space 74240K, 31% used [0x0000000086600000,0x0000000087cdf328,0x000000008ae80000)
 Metaspace       used 34676K, capacity 35362K, committed 35496K, reserved 1081344K
  class space    used 4130K, capacity 4311K, committed 4400K, reserved 1048576K
Event: 11.367 GC heap after
Heap after GC invocations=9 (full 2):
 PSYoungGen      total 259072K, used 0K [0x00000000d7780000, 0x00000000e9000000, 0x0000000100000000)
  eden space 242176K, 0% used [0x00000000d7780000,0x00000000d7780000,0x00000000e6400000)
  from space 16896K, 0% used [0x00000000e6580000,0x00000000e6580000,0x00000000e7600000)
  to   space 22528K, 0% used [0x00000000e7a00000,0x00000000e7a00000,0x00000000e9000000)
 ParOldGen       total 126976K, used 35635K [0x0000000086600000, 0x000000008e200000, 0x00000000d7780000)
  object space 126976K, 28% used [0x0000000086600000,0x00000000888ccc98,0x000000008e200000)
 Metaspace       used 34676K, capacity 35362K, committed 35496K, reserved 1081344K
  class space    used 4130K, capacity 4311K, committed 4400K, reserved 1048576K
}
Event: 15.576 GC heap before
{Heap before GC invocations=10 (full 2):
 PSYoungGen      total 259072K, used 242176K [0x00000000d7780000, 0x00000000e9000000, 0x0000000100000000)
  eden space 242176K, 100% used [0x00000000d7780000,0x00000000e6400000,0x00000000e6400000)
  from space 16896K, 0% used [0x00000000e6580000,0x00000000e6580000,0x00000000e7600000)
  to   space 22528K, 0% used [0x00000000e7a00000,0x00000000e7a00000,0x00000000e9000000)
 ParOldGen       total 126976K, used 35635K [0x0000000086600000, 0x000000008e200000, 0x00000000d7780000)
  object space 126976K, 28% used [0x0000000086600000,0x00000000888ccc98,0x000000008e200000)
 Metaspace       used 47349K, capacity 48254K, committed 48560K, reserved 1091584K
  class space    used 5710K, capacity 5969K, committed 6064K, reserved 1048576K
Event: 15.613 GC heap after
Heap after GC invocations=10 (full 2):
 PSYoungGen      total 261632K, used 21712K [0x00000000d7780000, 0x00000000ee180000, 0x0000000100000000)
  eden space 239104K, 0% used [0x00000000d7780000,0x00000000d7780000,0x00000000e6100000)
  from space 22528K, 96% used [0x00000000e7a00000,0x00000000e8f34230,0x00000000e9000000)
  to   space 25600K, 0% used [0x00000000e6100000,0x00000000e6100000,0x00000000e7a00000)
 ParOldGen       total 126976K, used 35643K [0x0000000086600000, 0x000000008e200000, 0x00000000d7780000)
  object space 126976K, 28% used [0x0000000086600000,0x00000000888cec98,0x000000008e200000)
 Metaspace       used 47349K, capacity 48254K, committed 48560K, reserved 1091584K
  class space    used 5710K, capacity 5969K, committed 6064K, reserved 1048576K
}
Event: 18.534 GC heap before
{Heap before GC invocations=11 (full 2):
 PSYoungGen      total 261632K, used 143214K [0x00000000d7780000, 0x00000000ee180000, 0x0000000100000000)
  eden space 239104K, 50% used [0x00000000d7780000,0x00000000dee27788,0x00000000e6100000)
  from space 22528K, 96% used [0x00000000e7a00000,0x00000000e8f34230,0x00000000e9000000)
  to   space 25600K, 0% used [0x00000000e6100000,0x00000000e6100000,0x00000000e7a00000)
 ParOldGen       total 126976K, used 35643K [0x0000000086600000, 0x000000008e200000, 0x00000000d7780000)
  object space 126976K, 28% used [0x0000000086600000,0x00000000888cec98,0x000000008e200000)
 Metaspace       used 57988K, capacity 58888K, committed 59160K, reserved 1101824K
  class space    used 7232K, capacity 7480K, committed 7600K, reserved 1048576K
Event: 18.568 GC heap after
Heap after GC invocations=11 (full 2):
 PSYoungGen      total 264704K, used 25087K [0x00000000d7780000, 0x00000000ec500000, 0x0000000100000000)
  eden space 239104K, 0% used [0x00000000d7780000,0x00000000d7780000,0x00000000e6100000)
  from space 25600K, 97% used [0x00000000e6100000,0x00000000e797fe00,0x00000000e7a00000)
  to   space 29184K, 0% used [0x00000000ea880000,0x00000000ea880000,0x00000000ec500000)
 ParOldGen       total 126976K, used 35651K [0x0000000086600000, 0x000000008e200000, 0x00000000d7780000)
  object space 126976K, 28% used [0x0000000086600000,0x00000000888d0c98,0x000000008e200000)
 Metaspace       used 57988K, capacity 58888K, committed 59160K, reserved 1101824K
  class space    used 7232K, capacity 7480K, committed 7600K, reserved 1048576K
}
Event: 18.568 GC heap before
{Heap before GC invocations=12 (full 3):
 PSYoungGen      total 264704K, used 25087K [0x00000000d7780000, 0x00000000ec500000, 0x0000000100000000)
  eden space 239104K, 0% used [0x00000000d7780000,0x00000000d7780000,0x00000000e6100000)
  from space 25600K, 97% used [0x00000000e6100000,0x00000000e797fe00,0x00000000e7a00000)
  to   space 29184K, 0% used [0x00000000ea880000,0x00000000ea880000,0x00000000ec500000)
 ParOldGen       total 126976K, used 35651K [0x0000000086600000, 0x000000008e200000, 0x00000000d7780000)
  object space 126976K, 28% used [0x0000000086600000,0x00000000888d0c98,0x000000008e200000)
 Metaspace       used 57988K, capacity 58888K, committed 59160K, reserved 1101824K
  class space    used 7232K, capacity 7480K, committed 7600K, reserved 1048576K
Event: 18.885 GC heap after
Heap after GC invocations=12 (full 3):
 PSYoungGen      total 264704K, used 0K [0x00000000d7780000, 0x00000000ec500000, 0x0000000100000000)
  eden space 239104K, 0% used [0x00000000d7780000,0x00000000d7780000,0x00000000e6100000)
  from space 25600K, 0% used [0x00000000e6100000,0x00000000e6100000,0x00000000e7a00000)
  to   space 29184K, 0% used [0x00000000ea880000,0x00000000ea880000,0x00000000ec500000)
 ParOldGen       total 179200K, used 51918K [0x0000000086600000, 0x0000000091500000, 0x00000000d7780000)
  object space 179200K, 28% used [0x0000000086600000,0x00000000898b3b68,0x0000000091500000)
 Metaspace       used 57988K, capacity 58888K, committed 59160K, reserved 1101824K
  class space    used 7232K, capacity 7480K, committed 7600K, reserved 1048576K
}

